<?xml version="1.0" encoding="UTF-8" ?>
<testsuite errors="1" failures="0" hostname="gmcs-ubuntu" name="Test.MathTest" skipped="0" tests="1" time="0.048" timestamp="2017-02-09T15:42:16">
  <properties>
    <property name="ant.project.invoked-targets" value="main" />
    <property name="java.runtime.name" value="Java(TM) SE Runtime Environment" />
    <property name="sun.boot.library.path" value="/home/rekha/jre1.8.0_111/lib/amd64" />
    <property name="java.vm.version" value="25.111-b14" />
    <property name="ant.library.dir" value="/home/rekha/.p2/pool/plugins/org.apache.ant_1.9.6.v201510161327/lib" />
    <property name="ant.version" value="Apache Ant(TM) version 1.9.6 compiled on June 29 2015" />
    <property name="ant.java.version" value="1.8" />
    <property name="java.vm.vendor" value="Oracle Corporation" />
    <property name="java.vendor.url" value="http://java.oracle.com/" />
    <property name="path.separator" value=":" />
    <property name="java.vm.name" value="Java HotSpot(TM) 64-Bit Server VM" />
    <property name="file.encoding.pkg" value="sun.io" />
    <property name="user.country" value="IN" />
    <property name="sun.java.launcher" value="SUN_STANDARD" />
    <property name="sun.os.patch.level" value="unknown" />
    <property name="java.vm.specification.name" value="Java Virtual Machine Specification" />
    <property name="user.dir" value="/home/rekha/git/MyMath1/MyMath" />
    <property name="java.runtime.version" value="1.8.0_111-b14" />
    <property name="java.awt.graphicsenv" value="sun.awt.X11GraphicsEnvironment" />
    <property name="basedir" value="/home/rekha/git/MyMath1/MyMath" />
    <property name="java.endorsed.dirs" value="/home/rekha/jre1.8.0_111/lib/endorsed" />
    <property name="os.arch" value="amd64" />
    <property name="ant.project.default-target" value="main" />
    <property name="java.io.tmpdir" value="/tmp" />
    <property name="ant.core.lib" value="/home/rekha/.p2/pool/plugins/org.apache.ant_1.9.6.v201510161327/lib/ant.jar" />
    <property name="line.separator" value="&#xa;" />
    <property name="java.vm.specification.vendor" value="Oracle Corporation" />
    <property name="os.name" value="Linux" />
    <property name="ant.home" value="/home/rekha/.p2/pool/plugins/org.apache.ant_1.9.6.v201510161327" />
    <property name="build.dir" value="/home/rekha/git/MyMath1/MyMath/bin" />
    <property name="ant.project.name" value="Ant-Test" />
    <property name="sun.jnu.encoding" value="UTF-8" />
    <property name="java.library.path" value="/usr/java/packages/lib/amd64:/usr/lib64:/lib64:/lib:/usr/lib" />
    <property name="ant.file.Ant-Test" value="/home/rekha/git/MyMath1/MyMath/build.xml" />
    <property name="java.class.version" value="52.0" />
    <property name="java.specification.name" value="Java Platform API Specification" />
    <property name="test.report.dir" value="/home/rekha/git/MyMath1/MyMath/testreport" />
    <property name="sun.management.compiler" value="HotSpot 64-Bit Tiered Compilers" />
    <property name="os.version" value="4.4.0-62-generic" />
    <property name="ant.file" value="/home/rekha/git/MyMath1/MyMath/build.xml" />
    <property name="user.home" value="/home/rekha" />
    <property name="user.timezone" value="" />
    <property name="java.awt.printerjob" value="sun.print.PSPrinterJob" />
    <property name="java.specification.version" value="1.8" />
    <property name="file.encoding" value="UTF-8" />
    <property name="java.class.path" value="/home/rekha/git/MyMath1/MyMath/bin:/opt/eclipse/plugins/org.junit_4.12.0.v201504281640/junit.jar:/home/rekha/.p2/pool/plugins/org.apache.ant_1.9.6.v201510161327/lib/ant-launcher.jar:/home/rekha/.p2/pool/plugins/org.apache.ant_1.9.6.v201510161327/lib/ant.jar:/home/rekha/.p2/pool/plugins/org.apache.ant_1.9.6.v201510161327/lib/ant-junit.jar:/home/rekha/.p2/pool/plugins/org.apache.ant_1.9.6.v201510161327/lib/ant-junit4.jar" />
    <property name="user.name" value="rekha" />
    <property name="java.vm.specification.version" value="1.8" />
    <property name="java.home" value="/home/rekha/jre1.8.0_111" />
    <property name="sun.java.command" value="org.apache.tools.ant.taskdefs.optional.junit.JUnitTestRunner Test.MathTest skipNonTests=false filtertrace=true haltOnError=false haltOnFailure=true formatter=org.apache.tools.ant.taskdefs.optional.junit.SummaryJUnitResultFormatter showoutput=false outputtoformatters=true logfailedtests=true threadid=0 logtestlistenerevents=false formatter=org.apache.tools.ant.taskdefs.optional.junit.XMLJUnitResultFormatter,/home/rekha/git/MyMath1/MyMath/testreport/TEST-Test.MathTest.xml crashfile=/home/rekha/git/MyMath1/MyMath/junitvmwatcher7913051542276899404.properties propsfile=/home/rekha/git/MyMath1/MyMath/junit3680130857252718416.properties" />
    <property name="sun.arch.data.model" value="64" />
    <property name="user.language" value="en" />
    <property name="java.specification.vendor" value="Oracle Corporation" />
    <property name="awt.toolkit" value="sun.awt.X11.XToolkit" />
    <property name="java.vm.info" value="mixed mode" />
    <property name="test.dir" value="/home/rekha/git/MyMath1/MyMath/src" />
    <property name="java.version" value="1.8.0_111" />
    <property name="java.ext.dirs" value="/home/rekha/jre1.8.0_111/lib/ext:/usr/java/packages/lib/ext" />
    <property name="sun.boot.class.path" value="/home/rekha/jre1.8.0_111/lib/resources.jar:/home/rekha/jre1.8.0_111/lib/rt.jar:/home/rekha/jre1.8.0_111/lib/sunrsasign.jar:/home/rekha/jre1.8.0_111/lib/jsse.jar:/home/rekha/jre1.8.0_111/lib/jce.jar:/home/rekha/jre1.8.0_111/lib/charsets.jar:/home/rekha/jre1.8.0_111/lib/jfr.jar:/home/rekha/jre1.8.0_111/classes" />
    <property name="java.vendor" value="Oracle Corporation" />
    <property name="file.separator" value="/" />
    <property name="src.dir" value="/home/rekha/git/MyMath1/MyMath/src" />
    <property name="java.vendor.url.bug" value="http://bugreport.sun.com/bugreport/" />
    <property name="sun.io.unicode.encoding" value="UnicodeLittle" />
    <property name="sun.cpu.endian" value="little" />
    <property name="ant.file.type.Ant-Test" value="file" />
    <property name="sun.desktop" value="gnome" />
    <property name="sun.cpu.isalist" value="" />
  </properties>
  <testcase classname="Test.MathTest" name="initializationError" time="0.006">
    <error message="org/hamcrest/SelfDescribing" type="java.lang.NoClassDefFoundError">java.lang.NoClassDefFoundError: org/hamcrest/SelfDescribing
	at java.lang.ClassLoader.defineClass1(Native Method)
	at java.lang.ClassLoader.defineClass(ClassLoader.java:763)
	at java.security.SecureClassLoader.defineClass(SecureClassLoader.java:142)
	at java.net.URLClassLoader.defineClass(URLClassLoader.java:467)
	at java.net.URLClassLoader.access$100(URLClassLoader.java:73)
	at java.net.URLClassLoader$1.run(URLClassLoader.java:368)
	at java.net.URLClassLoader$1.run(URLClassLoader.java:362)
	at java.security.AccessController.doPrivileged(Native Method)
	at java.net.URLClassLoader.findClass(URLClassLoader.java:361)
	at java.lang.ClassLoader.loadClass(ClassLoader.java:424)
	at sun.misc.Launcher$AppClassLoader.loadClass(Launcher.java:331)
	at java.lang.ClassLoader.loadClass(ClassLoader.java:357)
	at java.lang.reflect.Constructor.newInstance(Constructor.java:423)
Caused by: java.lang.ClassNotFoundException: org.hamcrest.SelfDescribing
	at java.net.URLClassLoader.findClass(URLClassLoader.java:381)
	at java.lang.ClassLoader.loadClass(ClassLoader.java:424)
	at sun.misc.Launcher$AppClassLoader.loadClass(Launcher.java:331)
	at java.lang.ClassLoader.loadClass(ClassLoader.java:357)
</error>
  </testcase>
  <system-out><![CDATA[]]></system-out>
  <system-err><![CDATA[]]></system-err>
</testsuite>
